error reading package index file C:/Program Files (x86)/Microsemi/Libero SoC v11.9/SynplifyPro/lib/pkgIndex.tcl: couldn't read file "{C:/Program Files (x86)/Microsemi/Libero SoC v11.9/SynplifyPro/lib/pkgIndex.tcl}": no such file or directory


error reading package index file C:/Program Files (x86)/Microsemi/Libero SoC v11.9/SynplifyPro/lib/bwidget-1.9.5/pkgIndex.tcl: couldn't read file "{C:/Program Files (x86)/Microsemi/Libero SoC v11.9/SynplifyPro/lib/bwidget-1.9.5/pkgIndex.tcl}": no such file or directory


error reading package index file C:/Program Files (x86)/Microsemi/Libero SoC v11.9/SynplifyPro/lib/common/pkgIndex.tcl: couldn't read file "{C:/Program Files (x86)/Microsemi/Libero SoC v11.9/SynplifyPro/lib/common/pkgIndex.tcl}": no such file or directory


error reading package index file C:/Program Files (x86)/Microsemi/Libero SoC v11.9/SynplifyPro/lib/reg1.2/pkgIndex.tcl: couldn't read file "{C:/Program Files (x86)/Microsemi/Libero SoC v11.9/SynplifyPro/lib/reg1.2/pkgIndex.tcl}": no such file or directory


error reading package index file C:/Program Files (x86)/Microsemi/Libero SoC v11.9/SynplifyPro/lib/tcllib-1.12/pkgIndex.tcl: couldn't read file "{C:/Program Files (x86)/Microsemi/Libero SoC v11.9/SynplifyPro/lib/tcllib-1.12/pkgIndex.tcl}": no such file or directory


error reading package index file C:/Program Files (x86)/Microsemi/Libero SoC v11.9/SynplifyPro/lib/pkgIndex.tcl: couldn't read file "{C:/Program Files (x86)/Microsemi/Libero SoC v11.9/SynplifyPro/lib/pkgIndex.tcl}": no such file or directory


error reading package index file C:/Program Files (x86)/Microsemi/Libero SoC v11.9/SynplifyPro/lib/pkgIndex.tcl: couldn't read file "{C:/Program Files (x86)/Microsemi/Libero SoC v11.9/SynplifyPro/lib/pkgIndex.tcl}": no such file or directory


error reading package index file C:/Program Files (x86)/Microsemi/Libero SoC v11.9/SynplifyPro/lib/bwidget-1.9.5/pkgIndex.tcl: couldn't read file "{C:/Program Files (x86)/Microsemi/Libero SoC v11.9/SynplifyPro/lib/bwidget-1.9.5/pkgIndex.tcl}": no such file or directory


error reading package index file C:/Program Files (x86)/Microsemi/Libero SoC v11.9/SynplifyPro/lib/common/pkgIndex.tcl: couldn't read file "{C:/Program Files (x86)/Microsemi/Libero SoC v11.9/SynplifyPro/lib/common/pkgIndex.tcl}": no such file or directory


error reading package index file C:/Program Files (x86)/Microsemi/Libero SoC v11.9/SynplifyPro/lib/reg1.2/pkgIndex.tcl: couldn't read file "{C:/Program Files (x86)/Microsemi/Libero SoC v11.9/SynplifyPro/lib/reg1.2/pkgIndex.tcl}": no such file or directory


error reading package index file C:/Program Files (x86)/Microsemi/Libero SoC v11.9/SynplifyPro/lib/tcllib-1.12/pkgIndex.tcl: couldn't read file "{C:/Program Files (x86)/Microsemi/Libero SoC v11.9/SynplifyPro/lib/tcllib-1.12/pkgIndex.tcl}": no such file or directory


error reading package index file C:/Program Files (x86)/Microsemi/Libero SoC v11.9/SynplifyPro/lib/pkgIndex.tcl: couldn't read file "{C:/Program Files (x86)/Microsemi/Libero SoC v11.9/SynplifyPro/lib/pkgIndex.tcl}": no such file or directory



Starting:    C:\Program Files (x86)\Microsemi\Libero SoC v11.9\SynplifyPro\bin64\mbin\synbatch.exe
Install:     C:\Program Files (x86)\Microsemi\Libero SoC v11.9\SynplifyPro
Hostname:    NLVOLL-THINKW
Date:        Mon Apr 22 23:50:06 2019
Version:     L-2016.09M-SP1-5

Arguments:   -product synplify_pro -licensetype synplifypro_actel -batch -log synplify.log TOP_syn.tcl
ProductType: synplify_pro

License checkout: synplifypro_actel
License: synplifypro_actel node-locked 
Licensed Vendor: actel
License Option: actel_oem

Running in Vendor Mode


auto_infer_blackbox is not supported in current product.

log file: "C:\Users\nlvoll\Documents\Libero\VisionAssistance\synthesis\TOP.srr"

Running: synthesis in foreground



Running TOP_syn|synthesis


Running: compile (Compile) on TOP_syn|synthesis
# Mon Apr 22 23:50:06 2019


Running: compile_flow (Compile Process) on TOP_syn|synthesis
# Mon Apr 22 23:50:06 2019


Running: compiler (Compile Input) on TOP_syn|synthesis
# Mon Apr 22 23:50:06 2019

Copied C:\Users\nlvoll\Documents\Libero\VisionAssistance\synthesis\synwork\TOP_comp.srs to C:\Users\nlvoll\Documents\Libero\VisionAssistance\synthesis\TOP.srs


compiler completed
# Mon Apr 22 23:50:09 2019

Return Code: 0
Run Time:00h:00m:03s


Running: multi_srs_gen (Multi-srs Generator) on TOP_syn|synthesis
# Mon Apr 22 23:50:09 2019


multi_srs_gen completed
# Mon Apr 22 23:50:09 2019

Return Code: 0
Run Time:00h:00m:00s

Copied C:\Users\nlvoll\Documents\Libero\VisionAssistance\synthesis\synwork\TOP_mult.srs to C:\Users\nlvoll\Documents\Libero\VisionAssistance\synthesis\TOP.srs

Complete: Compile Process on TOP_syn|synthesis


Running: premap (Pre-mapping) on TOP_syn|synthesis
# Mon Apr 22 23:50:09 2019


premap completed
# Mon Apr 22 23:50:10 2019

Return Code: 0
Run Time:00h:00m:01s

Complete: Compile on TOP_syn|synthesis


Running: map (Map) on TOP_syn|synthesis
# Mon Apr 22 23:50:10 2019

License granted for 4 parallel jobs


Running: fpga_mapper (Map & Optimize) on TOP_syn|synthesis
# Mon Apr 22 23:50:10 2019

Copied C:\Users\nlvoll\Documents\Libero\VisionAssistance\synthesis\synwork\TOP_m.srm to C:\Users\nlvoll\Documents\Libero\VisionAssistance\synthesis\TOP.srm


fpga_mapper completed with warnings
# Mon Apr 22 23:50:14 2019

Return Code: 1
Run Time:00h:00m:04s

Complete: Map on TOP_syn|synthesis

Complete: Logic Synthesis on TOP_syn|synthesis

TCL script complete: "TOP_syn.tcl"

exit status=0

exit status=0

License checkin: synplifypro_actel

