Target Part: A2F200M3F_FBGA484_STD
Report for cell TOP.verilog
  Core Cell usage:
              cell count     area count*area
              AND2    19      1.0       19.0
              AND3    18      1.0       18.0
               AO1     4      1.0        4.0
              AO1A     1      1.0        1.0
              AO1C     1      1.0        1.0
             AOI1B     2      1.0        2.0
              AX1C     4      1.0        4.0
            CLKINT     2      0.0        0.0
               GND     7      0.0        0.0
           MSS_APB     1      0.0        0.0
           MSS_CCC     1      0.0        0.0
               MX2   191      1.0      191.0
              MX2C     1      1.0        1.0
              NOR2    12      1.0       12.0
             NOR2A    23      1.0       23.0
             NOR2B    91      1.0       91.0
              NOR3     2      1.0        2.0
             NOR3A     4      1.0        4.0
             NOR3B     6      1.0        6.0
             NOR3C    45      1.0       45.0
               OA1     4      1.0        4.0
              OA1A     3      1.0        3.0
              OA1C     3      1.0        3.0
               OR2     3      1.0        3.0
              OR2B     7      1.0        7.0
               OR3     5      1.0        5.0
              OR3A     1      1.0        1.0
              OR3B     2      1.0        2.0
              OR3C     2      1.0        2.0
             RCOSC     1      0.0        0.0
               VCC     7      0.0        0.0
               XA1     7      1.0        7.0
              XA1B    30      1.0       30.0
             XNOR2     1      1.0        1.0
              XOR2    42      1.0       42.0


              DFN1    76      1.0       76.0
            DFN1E0     1      1.0        1.0
            DFN1E1   240      1.0      240.0
                   -----          ----------
             TOTAL   870               851.0


  IO Cell usage:
              cell count
             INBUF     1
         INBUF_MSS     2
            OUTBUF     2
        OUTBUF_MSS     1
                   -----
             TOTAL     6


Core Cells         : 851 of 4608 (18%)
IO Cells           : 6

  RAM/ROM Usage Summary
Block Rams : 0 of 8 (0%)

